<?xml version="1.0" encoding="UTF-8"?>
<robot generator="Robot 7.0.1 (Python 3.11.1 on win32)" generated="2024-07-14T17:04:13.917531" rpa="false" schemaversion="5">
<suite id="s1" name="Cli" source="c:\DEV\GitHub\Schadow-Security-Scanner\tests\end2end\cli.robot">
<test id="s1-t1" name="Testcase 1" line="7">
<kw name="Run Process ./dist/SecurityScannerSchadow.exe">
<msg time="2024-07-14T17:04:13.967158" level="FAIL">No keyword with name 'Run Process ./dist/SecurityScannerSchadow.exe' found.</msg>
<status status="FAIL" start="2024-07-14T17:04:13.967158" elapsed="0.012798">No keyword with name 'Run Process ./dist/SecurityScannerSchadow.exe' found.</status>
</kw>
<status status="FAIL" start="2024-07-14T17:04:13.965594" elapsed="0.014362">No keyword with name 'Run Process ./dist/SecurityScannerSchadow.exe' found.</status>
</test>
<doc>A test suite for the end to end test.</doc>
<status status="FAIL" start="2024-07-14T17:04:13.937204" elapsed="0.045007"/>
</suite>
<statistics>
<total>
<stat pass="0" fail="1" skip="0">All Tests</stat>
</total>
<tag>
</tag>
<suite>
<stat pass="0" fail="1" skip="0" id="s1" name="Cli">Cli</stat>
</suite>
</statistics>
<errors>
</errors>
</robot>
